2024-08-09 19:54:13.087 [info] Added views:workbench.panel.markers.view in workbench.panel.markers
2024-08-09 19:54:13.087 [info] Added views:workbench.panel.output in workbench.panel.output
2024-08-09 19:54:13.087 [info] Added views:terminal in terminal
2024-08-09 19:54:13.087 [info] Added views:outline in workbench.view.explorer
2024-08-09 19:54:13.087 [info] Added views:workbench.scm in workbench.view.scm
2024-08-09 19:54:13.087 [info] Added views:workbench.view.search in workbench.view.search
2024-08-09 19:54:13.087 [info] Added views:timeline in workbench.view.explorer
2024-08-09 19:54:13.087 [info] Added views:workbench.explorer.emptyView in workbench.view.explorer
2024-08-09 19:54:13.249 [info] Added views:workbench.debug.variablesView,workbench.debug.watchExpressionsView,workbench.debug.callStackView,workbench.debug.breakPointsView in workbench.view.debug
2024-08-09 19:54:13.663 [info] Added views:codeium.chatPanelView in workbench.view.extension.codeium
2024-08-09 19:54:13.665 [info] Added views:chat-view in workbench.view.extension.codium-sidebar-view-container
2024-08-09 19:54:13.666 [info] Added views:pythonEnvironments in workbench.view.extension.package-explorer
2024-08-09 19:54:13.667 [info] Added views:github-actions.empty-view in workbench.view.extension.github-actions
2024-08-09 19:54:13.668 [info] Added views:terraform.providers,terraform.modules in workbench.view.extension.terraform
2024-08-09 19:54:13.670 [info] Added views:terraform.cloud.workspaces,terraform.cloud.runs in workbench.view.extension.terraform-cloud
2024-08-09 19:54:13.671 [info] Added views:azureResourceGroups,azureWorkspace,ms-azuretools.helpAndFeedback in workbench.view.extension.azure
2024-08-09 19:54:13.672 [info] Added views:azureActivityLog in workbench.view.extension.azurePanel
2024-08-09 19:54:13.673 [info] Added views:dockerContainers,dockerImages,dockerRegistries,dockerNetworks,dockerVolumes,vscode-docker.views.dockerContexts,vscode-docker.views.help in workbench.view.extension.dockerView
2024-08-09 19:54:13.674 [info] Added views:ansible-content-creator,lightspeed-explorer-webview,lightspeed-feedback-webview in workbench.view.extension.ansible-explorer
2024-08-09 19:54:13.953 [info] Added views:workbench.panel.repl.view in workbench.panel.repl
2024-08-09 19:54:13.954 [info] Removed views:workbench.debug.breakPointsView,workbench.debug.callStackView,workbench.debug.watchExpressionsView,workbench.debug.variablesView from workbench.view.debug
2024-08-09 19:54:13.955 [info] Added views:workbench.debug.welcome in workbench.view.debug
2024-08-09 19:54:14.066 [info] Added views:~remote.forwardedPorts in ~remote.forwardedPortsContainer
2024-08-09 19:54:16.556 [info] Added views:workbench.panel.comments in workbench.panel.comments
