(VSCode) 2024-08-09 19:54:15.491 [INFO]: No proxy settings found
(VSCode) 2024-08-09 19:54:16.558 [INFO]: Creating manager directory: /tmp/2254268c-14ca-4b62-8e71-cba53cfd7300/codeium/manager
(VSCode) 2024-08-09 19:54:17.093 [INFO]: Using cached LS with valid crc32: /home/aditya-tanwar/.vscode/extensions/codeium.codeium-1.10.11/dist/4afed79fc3218d4ed6a74b3082a291b8e866ba19/language_server_linux_x64
(VSCode) 2024-08-09 19:54:17.098 [INFO]: Language server started
2024/08/09 19:54:17 maxprocs: Leaving GOMAXPROCS=8: CPU quota undefined
I0809 19:54:17.313537 3764441 main.go:415] [Logging] Initialized the logger
I0809 19:54:17.313582 3764441 main.go:503] Setting GOMAXPROCS to 8
I0809 19:54:17.313728 3764441 main.go:605] Release 1.10.11 (4afed79fc3218d4ed6a74b3082a291b8e866ba19)
I0809 19:54:17.313745 3764441 main.go:663] Starting language server manager with pid 3764441
I0809 19:54:17.313863 3764441 main.go:118] Manager acquired its lock file /tmp/2254268c-14ca-4b62-8e71-cba53cfd7300/codeium/manager/locks/manager.lock
I0809 19:54:17.314239 3764441 main.go:257] Waiting for random port file in /tmp/2254268c-14ca-4b62-8e71-cba53cfd7300/codeium/manager/child_random_port_1723213457313938572_8142849204480080230 to be created
2024/08/09 19:54:17 maxprocs: Leaving GOMAXPROCS=8: CPU quota undefined
I0809 19:54:17.531101 3764452 main.go:415] [Logging] Initialized the logger
I0809 19:54:17.531154 3764452 main.go:503] Setting GOMAXPROCS to 4
I0809 19:54:17.531439 3764452 main.go:657] Starting language server process with pid 3764452
I0809 19:54:17.531459 3764452 server.go:158] Language server will attempt to listen on host 127.0.0.1
I0809 19:54:17.531564 3764452 server.go:165] Language server listening on random port at 39405
I0809 19:54:17.531628 3764452 proxy.go:113] proxyplease.proxy> No proxy provided. Attempting to infer from system.
I0809 19:54:17.531654 3764452 proxy.go:113] proxyplease.proxy> No proxy could be determined. Assuming a direct connection.
I0809 19:54:17.531669 3764452 client.go:589] [DEBUG] GET https://server.codeium.com/exa.api_server_pb.ApiServerService/GetCompletions
I0809 19:54:18.487690 3764452 unleash.go:90] Initializing Unleash
I0809 19:54:19.326334 3764452 unleash.go:110] Successfully initialized Unleash
E0809 19:54:19.347419 3764452 client_manager.go:270] Metadata is nil when trying to refresh user JWT
I0809 19:54:19.348018 3764452 server.go:360] Successfully created API server client
I0809 19:54:19.388378 3764452 server.go:369] Successfully initialized tokenizer
E0809 19:54:19.389236 3764452 context_module.go:350] unable to get default pinned context guideline: open /home/aditya-tanwar/.codeium/codeium_settings.yaml: no such file or directory
I0809 19:54:19.390006 3764452 server.go:477] Local search is enabled, will index local files.
I0809 19:54:19.390021 3764452 server.go:481] Using 2 indexer workers
I0809 19:54:19.390056 3764452 sqlite_faiss_db_client.go:70] Using database at /home/aditya-tanwar/.codeium/database/9c0694567290725d9dcba14ade58e297/2/MODEL_EMBED_6591
I0809 19:54:19.393005 3764452 sqlite_faiss_db_client.go:84] Successfully created embedding search database in 2ms
I0809 19:54:19.393219 3764452 indexer.go:251] Using 4 embed workers
I0809 19:54:19.393252 3764452 search_provider.go:246] Successfully created and started indexer
I0809 19:54:19.393273 3764452 search_provider.go:273] Successfully created embedding search provider
I0809 19:54:19.426047 3764452 server.go:555] Successfully created completion provider
I0809 19:54:19.427003 3764452 server.go:604] Child process attempting to acquire lock file /tmp/2254268c-14ca-4b62-8e71-cba53cfd7300/codeium/manager/locks/child_lock_1723213457313978785_1338953501297903655
I0809 19:54:19.427047 3764452 server.go:612] Child process acquired lock file /tmp/2254268c-14ca-4b62-8e71-cba53cfd7300/codeium/manager/locks/child_lock_1723213457313978785_1338953501297903655
I0809 19:54:19.430448 3764452 server.go:185] LSP listening on random port at 43597
I0809 19:54:19.430779 3764452 web_server.go:240] Chat Web Server listening at ws://127.0.0.1:37301
43597
I0809 19:54:19.524199 3764441 main.go:293] Language server manager found random server port 39405
I0809 19:54:19.524326 3764441 main.go:294] Language server manager found random lsp port 43597
I0809 19:54:19.524362 3764441 main.go:301] Language server manager attempting to connect to language server at 127.0.0.1:39405
I0809 19:54:19.555386 3764441 main.go:172] Fixing language server port at 39405
I0809 19:54:19.555414 3764441 main.go:352] Language server manager successfully connected to new language server at 127.0.0.1:39405
(VSCode) 2024-08-09 19:54:19.611 [INFO]: Found language server running on port 39405
I0809 19:54:19.702316 3764452 rpcs_miscellaneous.go:323] University version is up to date.
I0809 19:54:19.709295 3764452 rpcs_miscellaneous.go:205] Downloading changelog from https://exafunction.github.io/public/changelog/1.10.md
(VSCode) 2024-08-09 19:54:21.075 [ERROR]: User did not consent to login.
(VSCode) 2024-08-09 19:54:21.076 [ERROR]: User did not consent to login.
